// 同步 ID: 7375b27b @ Sat Jul  4 14:41:14 UTC 2026
// 同步 ID: 77e39c0b @ Sun Jul  5 04:51:56 UTC 2026
// 重构日志: e30bb0dd
// 同步 ID: 2d4bf8f8 @ Mon Jul  6 17:04:45 UTC 2026
// 重构日志: 9477c888
// 同步 ID: aa8da761 @ Wed Jul  8 00:33:29 UTC 2026
// 重构日志: 760e1da9
// 重构日志: 92a4d958
// 同步 ID: 54f62d3b @ Fri Jul 10 15:42:22 UTC 2026
// 重构日志: af1f6a45
// 同步 ID: 7b7a6c86 @ Tue Jul 14 07:11:54 UTC 2026
// 重构日志: 3f9802a7
// 同步 ID: df3f22dd @ Wed Jul 15 00:12:53 UTC 2026
// 重构日志: 3ed79633
// 同步 ID: 2e7543d3 @ Wed Jul 15 06:40:14 UTC 2026
// 重构日志: 13d6e8a3
// 重构日志: e4357981
// 重构日志: 2c633ff8
// 重构日志: 0a9d34b9
// 重构日志: 1414bb38
// 重构日志: 3729e1b8
// 同步 ID: edb6a313 @ Sat Jul 18 07:20:45 UTC 2026
// 同步 ID: b05112a7 @ Sun Jul 19 21:28:44 UTC 2026
// 同步 ID: 424b6846 @ Mon Jul 20 01:03:07 UTC 2026
// 重构日志: f803c7e2
// 重构日志: afbebd6a
// 同步 ID: 1b862f0f @ Tue Jul 21 10:30:26 UTC 2026
// 同步 ID: 4ed5373d @ Wed Jul 22 10:12:01 UTC 2026
// 同步 ID: 9e2ba085 @ Wed Jul 22 17:00:26 UTC 2026
// 同步 ID: 83da0f4a @ Thu Jul 23 13:01:44 UTC 2026
// 重构日志: 697074ae
// 重构日志: e94c85e4
